2025-09-10 17:34:43.015 | INFO     | utils_logger:<module>:41 - Logging to file: logs\project_log.log
2025-09-10 17:34:43.016 | INFO     | __main__:main:97 - Starting CSV fetch demonstration...
2025-09-10 17:34:43.016 | INFO     | __main__:fetch_csv_file:56 - Fetching CSV data from https://raw.githubusercontent.com/MainakRepositor/Datasets/master/World%20Happiness%20Data/2020.csv...
2025-09-10 17:34:43.402 | INFO     | __main__:write_csv_file:80 - Writing CSV data to example_data\2020_happiness.csv...
2025-09-10 17:34:43.404 | INFO     | __main__:write_csv_file:84 - SUCCESS: CSV data written to example_data\2020_happiness.csv
2025-09-10 17:34:43.404 | INFO     | __main__:fetch_csv_file:60 - SUCCESS: CSV file fetched and saved as 2020_happiness.csv
2025-09-10 18:08:14.220 | INFO     | utils_logger:<module>:41 - Logging to file: logs\project_log.log
2025-09-10 18:08:14.220 | INFO     | __main__:main:97 - Starting CSV fetch demonstration...
2025-09-10 18:08:14.220 | INFO     | __main__:fetch_csv_file:56 - Fetching CSV data from https://raw.githubusercontent.com/MainakRepositor/Datasets/master/World%20Happiness%20Data/2020.csv...
2025-09-10 18:08:14.543 | INFO     | __main__:write_csv_file:80 - Writing CSV data to example_data\2020_happiness.csv...
2025-09-10 18:08:14.544 | INFO     | __main__:write_csv_file:84 - SUCCESS: CSV data written to example_data\2020_happiness.csv
2025-09-10 18:08:14.544 | INFO     | __main__:fetch_csv_file:60 - SUCCESS: CSV file fetched and saved as 2020_happiness.csv
2025-09-10 18:12:46.963 | INFO     | utils_logger:<module>:41 - Logging to file: logs\project_log.log
2025-09-10 18:12:46.964 | INFO     | __main__:main:97 - Starting CSV fetch demonstration...
2025-09-10 18:12:46.964 | INFO     | __main__:fetch_csv_file:56 - Fetching CSV data from https://raw.githubusercontent.com/MainakRepositor/Datasets/master/World%20Happiness%20Data/2020.csv...
2025-09-10 18:12:47.219 | INFO     | __main__:write_csv_file:80 - Writing CSV data to brendon_data\2020_happiness.csv...
2025-09-10 18:12:47.220 | INFO     | __main__:write_csv_file:84 - SUCCESS: CSV data written to brendon_data\2020_happiness.csv
2025-09-10 18:12:47.220 | INFO     | __main__:fetch_csv_file:60 - SUCCESS: CSV file fetched and saved as 2020_happiness.csv
2025-09-10 18:13:24.243 | INFO     | utils_logger:<module>:41 - Logging to file: logs\project_log.log
2025-09-10 18:13:24.244 | INFO     | __main__:<module>:97 - Starting CSV processing...
2025-09-10 18:13:24.251 | INFO     | __main__:process_csv_file:90 - Processed CSV file: brendon_data\2020_happiness.csv, Statistics saved to: brendon_processed\happiness_ladder_score_stats.txt
2025-09-10 18:13:24.251 | INFO     | __main__:<module>:99 - CSV processing complete.
2025-09-10 19:23:33.773 | INFO     | utils_logger:<module>:41 - Logging to file: logs\project_log.log
2025-09-10 19:23:33.773 | INFO     | __main__:main:98 - Starting JSON fetch demonstration...
2025-09-10 19:23:33.773 | INFO     | __main__:fetch_json_file:57 - Fetching JSON data from http://api.open-notify.org/astros.json...
2025-09-10 19:23:34.042 | INFO     | __main__:write_json_file:81 - Writing JSON data to brendon_data\astros.json...
2025-09-10 19:23:34.044 | INFO     | __main__:write_json_file:85 - SUCCESS: JSON data written to brendon_data\astros.json
2025-09-10 19:23:34.044 | INFO     | __main__:fetch_json_file:61 - SUCCESS: JSON file fetched and saved as astros.json
2025-09-10 19:48:08.851 | INFO     | utils_logger:<module>:41 - Logging to file: logs\project_log.log
2025-09-10 19:48:08.851 | INFO     | __main__:<module>:118 - Starting JSON processing...
2025-09-10 19:48:08.857 | INFO     | __main__:process_json_file:111 - Processed JSON file: brendon_data\astros.json, Results saved to: brendon_processed\json_astronauts_by_craft.txt
2025-09-10 19:48:08.857 | INFO     | __main__:<module>:120 - JSON processing complete.
2025-09-10 19:49:57.426 | INFO     | utils_logger:<module>:41 - Logging to file: logs\project_log.log
2025-09-10 19:49:57.426 | INFO     | __main__:<module>:118 - Starting JSON processing...
2025-09-10 19:49:57.426 | INFO     | __main__:process_json_file:111 - Processed JSON file: brendon_data\astros.json, Results saved to: brendon_processed\json_astronauts_by_craft.txt
2025-09-10 19:49:57.426 | INFO     | __main__:<module>:120 - JSON processing complete.
2025-09-10 20:08:21.634 | INFO     | utils_logger:<module>:41 - Logging to file: logs\project_log.log
2025-09-10 20:08:21.634 | INFO     | __main__:main:97 - Starting JSON fetch (dog breeds)...
2025-09-10 20:08:21.634 | INFO     | __main__:fetch_json_file:56 - Fetching JSON data from https://dog.ceo/api/breeds/list/all...
2025-09-10 20:08:31.844 | INFO     | __main__:write_json_file:80 - Writing JSON data to brendon_data\dog_breeds.json...
2025-09-10 20:08:31.853 | INFO     | __main__:write_json_file:84 - SUCCESS: JSON data written to brendon_data\dog_breeds.json
2025-09-10 20:08:31.854 | INFO     | __main__:fetch_json_file:60 - SUCCESS: JSON file fetched and saved as dog_breeds.json
2025-09-10 20:34:04.667 | INFO     | utils_logger:<module>:41 - Logging to file: logs\project_log.log
2025-09-10 20:34:04.668 | INFO     | __main__:<module>:80 - Starting JSON processing...
2025-09-10 20:34:04.675 | INFO     | __main__:process_json_file:73 - Processed JSON file: brendon_data\dog_breeds.json, Results saved to: brendon_processed\dog_breeds_summary.txt
2025-09-10 20:34:04.675 | INFO     | __main__:<module>:82 - JSON processing complete.
2025-09-11 16:38:36.627 | INFO     | utils_logger:<module>:41 - Logging to file: logs\project_log.log
2025-09-11 16:38:36.627 | INFO     | __main__:main:97 - Starting Excel fetch (sample products dataset)...
2025-09-11 16:38:36.628 | INFO     | __main__:fetch_excel_file:56 - Fetching Excel data from https://github.com/datablist/sample-csv-files/raw/main/files/products/products-100.xlsx...
2025-09-11 16:38:37.257 | ERROR    | __main__:fetch_excel_file:62 - HTTP error occurred: 404 Client Error: Not Found for url: https://github.com/datablist/sample-csv-files/raw/main/files/products/products-100.xlsx
2025-09-11 16:43:08.411 | INFO     | utils_logger:<module>:41 - Logging to file: logs\project_log.log
2025-09-11 16:43:08.411 | INFO     | __main__:main:97 - Starting Excel fetch (sample products dataset)...
2025-09-11 16:43:08.411 | INFO     | __main__:fetch_excel_file:56 - Fetching Excel data from https://file-examples.com/wp-content/uploads/2017/02/file_example_XLSX_100.xlsx...
2025-09-11 16:43:09.203 | ERROR    | __main__:fetch_excel_file:62 - HTTP error occurred: 404 Client Error: Not Found for url: https://file-examples.com/wp-content/uploads/2017/02/file_example_XLSX_100.xlsx
2025-09-11 16:46:32.248 | INFO     | utils_logger:<module>:41 - Logging to file: logs\project_log.log
2025-09-11 16:46:32.248 | INFO     | __main__:main:97 - Starting Excel fetch (sample products dataset)...
2025-09-11 16:46:32.248 | INFO     | __main__:fetch_excel_file:56 - Fetching Excel data from https://download.microsoft.com/download/6/7/3/6736E4F2-0C5E-4B0D-9C66-10F4E1F7B2F0/Financial%20Sample.xlsx...
2025-09-11 16:46:33.660 | ERROR    | __main__:fetch_excel_file:62 - HTTP error occurred: 404 Client Error: Not Found for url: https://download.microsoft.com/download/6/7/3/6736E4F2-0C5E-4B0D-9C66-10F4E1F7B2F0/Financial%20Sample.xlsx
2025-09-11 16:47:56.515 | INFO     | utils_logger:<module>:41 - Logging to file: logs\project_log.log
2025-09-11 16:47:56.515 | INFO     | __main__:main:97 - Starting Excel fetch (NBA player stats)...
2025-09-11 16:47:56.515 | INFO     | __main__:fetch_excel_file:56 - Fetching Excel data from https://github.com/datablist/sample-excel-files/raw/main/files/nba-player-stats.xlsx...
2025-09-11 16:47:57.116 | ERROR    | __main__:fetch_excel_file:62 - HTTP error occurred: 404 Client Error: Not Found for url: https://github.com/datablist/sample-excel-files/raw/main/files/nba-player-stats.xlsx
2025-09-11 16:48:06.273 | INFO     | utils_logger:<module>:41 - Logging to file: logs\project_log.log
2025-09-11 16:48:06.273 | INFO     | __main__:main:97 - Starting Excel fetch (NBA player stats)...
2025-09-11 16:48:06.273 | INFO     | __main__:fetch_excel_file:56 - Fetching Excel data from https://github.com/datablist/sample-excel-files/raw/main/files/nba-player-stats.xlsx...
2025-09-11 16:48:07.112 | ERROR    | __main__:fetch_excel_file:62 - HTTP error occurred: 404 Client Error: Not Found for url: https://github.com/datablist/sample-excel-files/raw/main/files/nba-player-stats.xlsx
2025-09-11 16:56:42.153 | INFO     | utils_logger:<module>:41 - Logging to file: logs\project_log.log
2025-09-11 16:56:42.153 | INFO     | __main__:main:97 - Starting Excel fetch (sales records dataset)...
2025-09-11 16:56:42.153 | INFO     | __main__:fetch_excel_file:56 - Fetching Excel data from https://github.com/datablist/sample-excel-files/raw/main/files/sales-records.xlsx...
2025-09-11 16:56:42.726 | ERROR    | __main__:fetch_excel_file:62 - HTTP error occurred: 404 Client Error: Not Found for url: https://github.com/datablist/sample-excel-files/raw/main/files/sales-records.xlsx
2025-09-11 17:04:24.919 | INFO     | utils_logger:<module>:41 - Logging to file: logs\project_log.log
2025-09-11 17:04:24.920 | INFO     | __main__:main:95 - Starting Excel fetch (Superstore subset)...
2025-09-11 17:04:24.920 | INFO     | __main__:fetch_excel_file:56 - Fetching Excel data from https://www.tableau.com/sites/default/files/pages/sample-superstore-subset-excel.xlsx...
2025-09-11 17:04:25.428 | INFO     | __main__:write_excel_file:80 - Writing Excel data to brendon_data\superstore_subset.xlsx...
2025-09-11 17:04:25.429 | INFO     | __main__:write_excel_file:84 - SUCCESS: Excel data written to brendon_data\superstore_subset.xlsx
2025-09-11 17:04:25.429 | INFO     | __main__:fetch_excel_file:60 - SUCCESS: Excel file fetched and saved as superstore_subset.xlsx
2025-09-11 17:43:07.922 | INFO     | utils_logger:<module>:41 - Logging to file: logs\project_log.log
2025-09-11 17:43:07.922 | INFO     | __main__:<module>:80 - Starting Excel processing...
2025-09-11 17:43:08.780 | INFO     | __main__:process_excel_file:73 - Processed Excel file: brendon_data\superstore_subset.xlsx, Word count saved to: brendon_processed\superstore_subset_summary.txt
2025-09-11 17:43:08.780 | INFO     | __main__:<module>:82 - Excel processing complete.
2025-09-11 17:56:38.025 | INFO     | utils_logger:<module>:41 - Logging to file: logs\project_log.log
2025-09-11 17:56:38.026 | INFO     | __main__:fetch_txt_file:56 - Fetching text data from https://www.gutenberg.org/cache/epub/1661/pg1661.txt...
2025-09-11 17:56:38.680 | INFO     | __main__:write_txt_file:80 - Writing data to brendon_data\sherlock.txt...
2025-09-11 18:03:22.899 | INFO     | utils_logger:<module>:41 - Logging to file: logs\project_log.log
2025-09-11 18:03:22.899 | INFO     | __main__:main:97 - Starting text fetch demonstration...
2025-09-11 18:03:22.899 | INFO     | __main__:fetch_txt_file:56 - Fetching text data from https://www.w3.org/TR/PNG/iso_8859-1.txt...
2025-09-11 18:03:23.423 | ERROR    | __main__:fetch_txt_file:62 - HTTP error occurred: 404 Client Error: Not Found for url: https://www.w3.org/TR/png/iso_8859-1.txt
2025-09-11 18:06:49.541 | INFO     | utils_logger:<module>:41 - Logging to file: logs\project_log.log
2025-09-11 18:06:49.542 | INFO     | __main__:main:97 - Starting text fetch demonstration...
2025-09-11 18:06:49.542 | INFO     | __main__:fetch_txt_file:56 - Fetching text data from https://www.w3.org/TR/2003/REC-PNG-20031110/iso_8859-1.txt...
2025-09-11 18:06:49.869 | INFO     | __main__:write_txt_file:80 - Writing data to brendon_data\w3c_iso_8859-1.txt...
2025-09-11 18:06:49.871 | INFO     | __main__:write_txt_file:84 - SUCCESS: Data written to brendon_data\w3c_iso_8859-1.txt
2025-09-11 18:06:49.871 | INFO     | __main__:fetch_txt_file:60 - SUCCESS: Text file fetched and saved as w3c_iso_8859-1.txt
2025-09-11 18:20:26.653 | INFO     | utils_logger:<module>:41 - Logging to file: logs\project_log.log
2025-09-11 18:20:26.654 | INFO     | __main__:<module>:70 - Starting text processing...
2025-09-11 18:20:26.659 | INFO     | __main__:process_text_file:63 - Processed text file: brendon_data\w3c_iso_8859-1.txt, Word count saved to: brendon_processed\text_w3c_word_count.txt
2025-09-11 18:20:26.660 | INFO     | __main__:<module>:72 - Text processing complete.
2025-09-11 19:41:08.957 | INFO     | utils_logger:<module>:41 - Logging to file: logs\project_log.log
2025-09-11 19:41:08.957 | INFO     | __main__:main:96 - Starting CSV fetch demonstration...
2025-09-11 19:41:08.957 | INFO     | __main__:fetch_csv_file:55 - Fetching CSV data from https://raw.githubusercontent.com/mwaskom/seaborn-data/master/iris.csv...
2025-09-11 19:41:09.265 | INFO     | __main__:write_csv_file:79 - Writing CSV data to brendon_data\iris.csv...
2025-09-11 19:41:09.269 | INFO     | __main__:write_csv_file:83 - SUCCESS: CSV data written to brendon_data\iris.csv
2025-09-11 19:41:09.269 | INFO     | __main__:fetch_csv_file:59 - SUCCESS: CSV file fetched and saved as iris.csv
2025-09-11 19:59:03.957 | INFO     | utils_logger:<module>:41 - Logging to file: logs\project_log.log
2025-09-11 19:59:03.957 | INFO     | __main__:<module>:97 - Starting CSV processing...
2025-09-11 19:59:03.965 | INFO     | __main__:process_csv_file:90 - Processed CSV file: brendon_data\iris.csv, Statistics saved to: brendon_processed\iris_sepal_length_stats.txt
2025-09-11 19:59:03.966 | INFO     | __main__:<module>:99 - CSV processing complete.
2025-09-11 20:14:15.433 | INFO     | utils_logger:<module>:41 - Logging to file: logs\project_log.log
2025-09-11 20:14:15.433 | INFO     | __main__:main:99 - Starting Excel fetch (Superstore subset)...
2025-09-11 20:14:15.433 | INFO     | __main__:fetch_excel_file:60 - Fetching Excel data from https://www.tableau.com/sites/default/files/pages/sample-superstore-subset-excel.xlsx...
2025-09-11 20:14:16.053 | INFO     | __main__:write_excel_file:84 - Writing Excel data to brendon_data\superstore_subset.xlsx...
2025-09-11 20:14:16.054 | INFO     | __main__:write_excel_file:88 - SUCCESS: Excel data written to brendon_data\superstore_subset.xlsx
2025-09-11 20:14:16.054 | INFO     | __main__:fetch_excel_file:64 - SUCCESS: Excel file fetched and saved as superstore_subset.xlsx
2025-09-11 20:14:16.331 | INFO     | utils_logger:<module>:41 - Logging to file: logs\project_log.log
2025-09-11 20:14:16.331 | INFO     | __main__:<module>:80 - Starting Excel processing...
2025-09-11 20:14:17.239 | INFO     | __main__:process_excel_file:73 - Processed Excel file: brendon_data\superstore_subset.xlsx, Word count saved to: brendon_processed\superstore_subset_summary.txt
2025-09-11 20:14:17.240 | INFO     | __main__:<module>:82 - Excel processing complete.
2025-09-11 20:14:17.518 | INFO     | utils_logger:<module>:41 - Logging to file: logs\project_log.log
2025-09-11 20:14:17.518 | INFO     | __main__:main:97 - Starting text fetch demonstration...
2025-09-11 20:14:17.518 | INFO     | __main__:fetch_txt_file:56 - Fetching text data from https://www.w3.org/TR/2003/REC-PNG-20031110/iso_8859-1.txt...
2025-09-11 20:14:17.922 | INFO     | __main__:write_txt_file:80 - Writing data to brendon_data\w3c_iso_8859-1.txt...
2025-09-11 20:14:17.923 | INFO     | __main__:write_txt_file:84 - SUCCESS: Data written to brendon_data\w3c_iso_8859-1.txt
2025-09-11 20:14:17.923 | INFO     | __main__:fetch_txt_file:60 - SUCCESS: Text file fetched and saved as w3c_iso_8859-1.txt
2025-09-11 20:14:18.038 | INFO     | utils_logger:<module>:41 - Logging to file: logs\project_log.log
2025-09-11 20:14:18.038 | INFO     | __main__:<module>:70 - Starting text processing...
2025-09-11 20:14:18.039 | INFO     | __main__:process_text_file:63 - Processed text file: brendon_data\w3c_iso_8859-1.txt, Word count saved to: brendon_processed\text_w3c_word_count.txt
2025-09-11 20:14:18.039 | INFO     | __main__:<module>:72 - Text processing complete.
2025-09-11 20:14:18.195 | INFO     | utils_logger:<module>:41 - Logging to file: logs\project_log.log
2025-09-11 20:14:18.195 | INFO     | __main__:main:96 - Starting CSV fetch demonstration...
2025-09-11 20:14:18.195 | INFO     | __main__:fetch_csv_file:55 - Fetching CSV data from https://raw.githubusercontent.com/mwaskom/seaborn-data/master/iris.csv...
2025-09-11 20:14:18.470 | INFO     | __main__:write_csv_file:79 - Writing CSV data to brendon_data\iris.csv...
2025-09-11 20:14:18.471 | INFO     | __main__:write_csv_file:83 - SUCCESS: CSV data written to brendon_data\iris.csv
2025-09-11 20:14:18.471 | INFO     | __main__:fetch_csv_file:59 - SUCCESS: CSV file fetched and saved as iris.csv
2025-09-11 20:14:18.589 | INFO     | utils_logger:<module>:41 - Logging to file: logs\project_log.log
2025-09-11 20:14:18.589 | INFO     | __main__:<module>:97 - Starting CSV processing...
2025-09-11 20:14:18.591 | INFO     | __main__:process_csv_file:90 - Processed CSV file: brendon_data\iris.csv, Statistics saved to: brendon_processed\iris_sepal_length_stats.txt
2025-09-11 20:14:18.591 | INFO     | __main__:<module>:99 - CSV processing complete.
2025-09-11 20:14:18.750 | INFO     | utils_logger:<module>:41 - Logging to file: logs\project_log.log
2025-09-11 20:14:18.750 | INFO     | __main__:main:97 - Starting JSON fetch (dog breeds)...
2025-09-11 20:14:18.750 | INFO     | __main__:fetch_json_file:56 - Fetching JSON data from https://dog.ceo/api/breeds/list/all...
2025-09-11 20:14:19.645 | INFO     | __main__:write_json_file:80 - Writing JSON data to brendon_data\dog_breeds.json...
2025-09-11 20:14:19.647 | INFO     | __main__:write_json_file:84 - SUCCESS: JSON data written to brendon_data\dog_breeds.json
2025-09-11 20:14:19.647 | INFO     | __main__:fetch_json_file:60 - SUCCESS: JSON file fetched and saved as dog_breeds.json
2025-09-11 20:14:19.765 | INFO     | utils_logger:<module>:41 - Logging to file: logs\project_log.log
2025-09-11 20:14:19.766 | INFO     | __main__:<module>:80 - Starting JSON processing...
2025-09-11 20:14:19.773 | INFO     | __main__:process_json_file:73 - Processed JSON file: brendon_data\dog_breeds.json, Results saved to: brendon_processed\dog_breeds_summary.txt
2025-09-11 20:14:19.773 | INFO     | __main__:<module>:82 - JSON processing complete.
